Array
(
    [USER] => www
    [HOME] => /home/www
    [HTTP_CONNECTION] => keep-alive
    [HTTP_ACCEPT] => text/html, image/gif, image/jpeg, *; q=.2, */*; q=.2
    [HTTP_HOST] => 103.13.229.1:8081
    [HTTP_USER_AGENT] => Java/1.8.0_241
    [HTTP_PRAGMA] => no-cache
    [HTTP_CACHE_CONTROL] => no-cache
    [HTTP_CONTENT_TYPE] => application/x-www-form-urlencoded
    [PATH_INFO] => 
    [REDIRECT_STATUS] => 200
    [SERVER_NAME] => 
    [SERVER_PORT] => 8081
    [SERVER_ADDR] => 103.13.229.1
    [REMOTE_PORT] => 37840
    [REMOTE_ADDR] => 34.81.32.202
    [SERVER_SOFTWARE] => nginx/1.20.1
    [GATEWAY_INTERFACE] => CGI/1.1
    [REQUEST_SCHEME] => http
    [SERVER_PROTOCOL] => HTTP/1.1
    [DOCUMENT_ROOT] => /home/wwwroot/square/public
    [DOCUMENT_URI] => /index.php
    [REQUEST_URI] => /api/pay/notify?out_trade_no=2021373184345&total_fee=20000&sign=7D65641C40CA1462884C49E26CC90412&order_id=CS2112270003094898&status=2
    [SCRIPT_NAME] => /index.php
    [CONTENT_LENGTH] => 
    [CONTENT_TYPE] => application/x-www-form-urlencoded
    [REQUEST_METHOD] => GET
    [QUERY_STRING] => out_trade_no=2021373184345&total_fee=20000&sign=7D65641C40CA1462884C49E26CC90412&order_id=CS2112270003094898&status=2
    [SCRIPT_FILENAME] => /home/wwwroot/square/public/index.php
    [FCGI_ROLE] => RESPONDER
    [PHP_SELF] => 
    [REQUEST_TIME_FLOAT] => 1640534869.9731
    [REQUEST_TIME] => 1640534869
    [APP_NAME] => Laravel
    [APP_ENV] => local
    [APP_KEY] => base64:Bl7yVehmj6ZvOdC3Ui/x3DWIhvtaYdzxE6cQudvWmX4=
    [APP_DEBUG] => true
    [APP_URL] => http://103.13.229.1:8081
    [LOG_CHANNEL] => stack
    [LOG_DEPRECATIONS_CHANNEL] => null
    [LOG_LEVEL] => debug
    [DB_CONNECTION] => mysql
    [DB_HOST] => 127.0.0.1
    [DB_PORT] => 3306
    [DB_DATABASE] => square
    [DB_USERNAME] => root
    [DB_PASSWORD] => fsdFGPOJR@!4234LGJd
    [BROADCAST_DRIVER] => log
    [CACHE_DRIVER] => file
    [FILESYSTEM_DRIVER] => local
    [QUEUE_CONNECTION] => sync
    [SESSION_DRIVER] => file
    [SESSION_LIFETIME] => 120
    [MEMCACHED_HOST] => 127.0.0.1
    [REDIS_HOST] => 127.0.0.1
    [REDIS_PASSWORD] => null
    [REDIS_PORT] => 6379
    [MAIL_MAILER] => smtp
    [MAIL_HOST] => mailhog
    [MAIL_PORT] => 1025
    [MAIL_USERNAME] => null
    [MAIL_PASSWORD] => null
    [MAIL_ENCRYPTION] => null
    [MAIL_FROM_ADDRESS] => null
    [MAIL_FROM_NAME] => Laravel
    [AWS_ACCESS_KEY_ID] => 
    [AWS_SECRET_ACCESS_KEY] => 
    [AWS_DEFAULT_REGION] => us-east-1
    [AWS_BUCKET] => 
    [AWS_USE_PATH_STYLE_ENDPOINT] => false
    [PUSHER_APP_ID] => 
    [PUSHER_APP_KEY] => 
    [PUSHER_APP_SECRET] => 
    [PUSHER_APP_CLUSTER] => mt1
    [MIX_PUSHER_APP_KEY] => 
    [MIX_PUSHER_APP_CLUSTER] => mt1
)
Array
(
    [USER] => www
    [HOME] => /home/www
    [HTTP_CONNECTION] => keep-alive
    [HTTP_ACCEPT] => text/html, image/gif, image/jpeg, *; q=.2, */*; q=.2
    [HTTP_HOST] => 103.13.229.1:8081
    [HTTP_USER_AGENT] => Java/1.8.0_241
    [HTTP_PRAGMA] => no-cache
    [HTTP_CACHE_CONTROL] => no-cache
    [HTTP_CONTENT_TYPE] => application/x-www-form-urlencoded
    [PATH_INFO] => 
    [REDIRECT_STATUS] => 200
    [SERVER_NAME] => 
    [SERVER_PORT] => 8081
    [SERVER_ADDR] => 103.13.229.1
    [REMOTE_PORT] => 37840
    [REMOTE_ADDR] => 34.81.32.202
    [SERVER_SOFTWARE] => nginx/1.20.1
    [GATEWAY_INTERFACE] => CGI/1.1
    [REQUEST_SCHEME] => http
    [SERVER_PROTOCOL] => HTTP/1.1
    [DOCUMENT_ROOT] => /home/wwwroot/square/public
    [DOCUMENT_URI] => /index.php
    [REQUEST_URI] => /api/pay/notify?out_trade_no=2021373184345&total_fee=20000&sign=7D65641C40CA1462884C49E26CC90412&order_id=CS2112270003094898&status=2
    [SCRIPT_NAME] => /index.php
    [CONTENT_LENGTH] => 
    [CONTENT_TYPE] => application/x-www-form-urlencoded
    [REQUEST_METHOD] => GET
    [QUERY_STRING] => out_trade_no=2021373184345&total_fee=20000&sign=7D65641C40CA1462884C49E26CC90412&order_id=CS2112270003094898&status=2
    [SCRIPT_FILENAME] => /home/wwwroot/square/public/index.php
    [FCGI_ROLE] => RESPONDER
    [PHP_SELF] => 
    [REQUEST_TIME_FLOAT] => 1640534870.2517
    [REQUEST_TIME] => 1640534870
    [APP_NAME] => Laravel
    [APP_ENV] => local
    [APP_KEY] => base64:Bl7yVehmj6ZvOdC3Ui/x3DWIhvtaYdzxE6cQudvWmX4=
    [APP_DEBUG] => true
    [APP_URL] => http://103.13.229.1:8081
    [LOG_CHANNEL] => stack
    [LOG_DEPRECATIONS_CHANNEL] => null
    [LOG_LEVEL] => debug
    [DB_CONNECTION] => mysql
    [DB_HOST] => 127.0.0.1
    [DB_PORT] => 3306
    [DB_DATABASE] => square
    [DB_USERNAME] => root
    [DB_PASSWORD] => fsdFGPOJR@!4234LGJd
    [BROADCAST_DRIVER] => log
    [CACHE_DRIVER] => file
    [FILESYSTEM_DRIVER] => local
    [QUEUE_CONNECTION] => sync
    [SESSION_DRIVER] => file
    [SESSION_LIFETIME] => 120
    [MEMCACHED_HOST] => 127.0.0.1
    [REDIS_HOST] => 127.0.0.1
    [REDIS_PASSWORD] => null
    [REDIS_PORT] => 6379
    [MAIL_MAILER] => smtp
    [MAIL_HOST] => mailhog
    [MAIL_PORT] => 1025
    [MAIL_USERNAME] => null
    [MAIL_PASSWORD] => null
    [MAIL_ENCRYPTION] => null
    [MAIL_FROM_ADDRESS] => null
    [MAIL_FROM_NAME] => Laravel
    [AWS_ACCESS_KEY_ID] => 
    [AWS_SECRET_ACCESS_KEY] => 
    [AWS_DEFAULT_REGION] => us-east-1
    [AWS_BUCKET] => 
    [AWS_USE_PATH_STYLE_ENDPOINT] => false
    [PUSHER_APP_ID] => 
    [PUSHER_APP_KEY] => 
    [PUSHER_APP_SECRET] => 
    [PUSHER_APP_CLUSTER] => mt1
    [MIX_PUSHER_APP_KEY] => 
    [MIX_PUSHER_APP_CLUSTER] => mt1
)
Array
(
    [USER] => www
    [HOME] => /home/www
    [HTTP_CONNECTION] => keep-alive
    [HTTP_ACCEPT] => text/html, image/gif, image/jpeg, *; q=.2, */*; q=.2
    [HTTP_HOST] => 103.13.229.1:8081
    [HTTP_USER_AGENT] => Java/1.8.0_241
    [HTTP_PRAGMA] => no-cache
    [HTTP_CACHE_CONTROL] => no-cache
    [HTTP_CONTENT_TYPE] => application/x-www-form-urlencoded
    [PATH_INFO] => 
    [REDIRECT_STATUS] => 200
    [SERVER_NAME] => 
    [SERVER_PORT] => 8081
    [SERVER_ADDR] => 103.13.229.1
    [REMOTE_PORT] => 37840
    [REMOTE_ADDR] => 34.81.32.202
    [SERVER_SOFTWARE] => nginx/1.20.1
    [GATEWAY_INTERFACE] => CGI/1.1
    [REQUEST_SCHEME] => http
    [SERVER_PROTOCOL] => HTTP/1.1
    [DOCUMENT_ROOT] => /home/wwwroot/square/public
    [DOCUMENT_URI] => /index.php
    [REQUEST_URI] => /api/pay/notify?out_trade_no=2021373184345&total_fee=20000&sign=7D65641C40CA1462884C49E26CC90412&order_id=CS2112270003094898&status=2
    [SCRIPT_NAME] => /index.php
    [CONTENT_LENGTH] => 
    [CONTENT_TYPE] => application/x-www-form-urlencoded
    [REQUEST_METHOD] => GET
    [QUERY_STRING] => out_trade_no=2021373184345&total_fee=20000&sign=7D65641C40CA1462884C49E26CC90412&order_id=CS2112270003094898&status=2
    [SCRIPT_FILENAME] => /home/wwwroot/square/public/index.php
    [FCGI_ROLE] => RESPONDER
    [PHP_SELF] => 
    [REQUEST_TIME_FLOAT] => 1640534870.5323
    [REQUEST_TIME] => 1640534870
    [APP_NAME] => Laravel
    [APP_ENV] => local
    [APP_KEY] => base64:Bl7yVehmj6ZvOdC3Ui/x3DWIhvtaYdzxE6cQudvWmX4=
    [APP_DEBUG] => true
    [APP_URL] => http://103.13.229.1:8081
    [LOG_CHANNEL] => stack
    [LOG_DEPRECATIONS_CHANNEL] => null
    [LOG_LEVEL] => debug
    [DB_CONNECTION] => mysql
    [DB_HOST] => 127.0.0.1
    [DB_PORT] => 3306
    [DB_DATABASE] => square
    [DB_USERNAME] => root
    [DB_PASSWORD] => fsdFGPOJR@!4234LGJd
    [BROADCAST_DRIVER] => log
    [CACHE_DRIVER] => file
    [FILESYSTEM_DRIVER] => local
    [QUEUE_CONNECTION] => sync
    [SESSION_DRIVER] => file
    [SESSION_LIFETIME] => 120
    [MEMCACHED_HOST] => 127.0.0.1
    [REDIS_HOST] => 127.0.0.1
    [REDIS_PASSWORD] => null
    [REDIS_PORT] => 6379
    [MAIL_MAILER] => smtp
    [MAIL_HOST] => mailhog
    [MAIL_PORT] => 1025
    [MAIL_USERNAME] => null
    [MAIL_PASSWORD] => null
    [MAIL_ENCRYPTION] => null
    [MAIL_FROM_ADDRESS] => null
    [MAIL_FROM_NAME] => Laravel
    [AWS_ACCESS_KEY_ID] => 
    [AWS_SECRET_ACCESS_KEY] => 
    [AWS_DEFAULT_REGION] => us-east-1
    [AWS_BUCKET] => 
    [AWS_USE_PATH_STYLE_ENDPOINT] => false
    [PUSHER_APP_ID] => 
    [PUSHER_APP_KEY] => 
    [PUSHER_APP_SECRET] => 
    [PUSHER_APP_CLUSTER] => mt1
    [MIX_PUSHER_APP_KEY] => 
    [MIX_PUSHER_APP_CLUSTER] => mt1
)
Array
(
    [USER] => www
    [HOME] => /home/www
    [HTTP_CONNECTION] => keep-alive
    [HTTP_ACCEPT] => text/html, image/gif, image/jpeg, *; q=.2, */*; q=.2
    [HTTP_HOST] => 103.13.229.1:8081
    [HTTP_USER_AGENT] => Java/1.8.0_241
    [HTTP_PRAGMA] => no-cache
    [HTTP_CACHE_CONTROL] => no-cache
    [HTTP_CONTENT_TYPE] => application/x-www-form-urlencoded
    [PATH_INFO] => 
    [REDIRECT_STATUS] => 200
    [SERVER_NAME] => 
    [SERVER_PORT] => 8081
    [SERVER_ADDR] => 103.13.229.1
    [REMOTE_PORT] => 37840
    [REMOTE_ADDR] => 34.81.32.202
    [SERVER_SOFTWARE] => nginx/1.20.1
    [GATEWAY_INTERFACE] => CGI/1.1
    [REQUEST_SCHEME] => http
    [SERVER_PROTOCOL] => HTTP/1.1
    [DOCUMENT_ROOT] => /home/wwwroot/square/public
    [DOCUMENT_URI] => /index.php
    [REQUEST_URI] => /api/pay/notify?out_trade_no=2021373184345&total_fee=20000&sign=7D65641C40CA1462884C49E26CC90412&order_id=CS2112270003094898&status=2
    [SCRIPT_NAME] => /index.php
    [CONTENT_LENGTH] => 
    [CONTENT_TYPE] => application/x-www-form-urlencoded
    [REQUEST_METHOD] => GET
    [QUERY_STRING] => out_trade_no=2021373184345&total_fee=20000&sign=7D65641C40CA1462884C49E26CC90412&order_id=CS2112270003094898&status=2
    [SCRIPT_FILENAME] => /home/wwwroot/square/public/index.php
    [FCGI_ROLE] => RESPONDER
    [PHP_SELF] => 
    [REQUEST_TIME_FLOAT] => 1640534870.7963
    [REQUEST_TIME] => 1640534870
    [APP_NAME] => Laravel
    [APP_ENV] => local
    [APP_KEY] => base64:Bl7yVehmj6ZvOdC3Ui/x3DWIhvtaYdzxE6cQudvWmX4=
    [APP_DEBUG] => true
    [APP_URL] => http://103.13.229.1:8081
    [LOG_CHANNEL] => stack
    [LOG_DEPRECATIONS_CHANNEL] => null
    [LOG_LEVEL] => debug
    [DB_CONNECTION] => mysql
    [DB_HOST] => 127.0.0.1
    [DB_PORT] => 3306
    [DB_DATABASE] => square
    [DB_USERNAME] => root
    [DB_PASSWORD] => fsdFGPOJR@!4234LGJd
    [BROADCAST_DRIVER] => log
    [CACHE_DRIVER] => file
    [FILESYSTEM_DRIVER] => local
    [QUEUE_CONNECTION] => sync
    [SESSION_DRIVER] => file
    [SESSION_LIFETIME] => 120
    [MEMCACHED_HOST] => 127.0.0.1
    [REDIS_HOST] => 127.0.0.1
    [REDIS_PASSWORD] => null
    [REDIS_PORT] => 6379
    [MAIL_MAILER] => smtp
    [MAIL_HOST] => mailhog
    [MAIL_PORT] => 1025
    [MAIL_USERNAME] => null
    [MAIL_PASSWORD] => null
    [MAIL_ENCRYPTION] => null
    [MAIL_FROM_ADDRESS] => null
    [MAIL_FROM_NAME] => Laravel
    [AWS_ACCESS_KEY_ID] => 
    [AWS_SECRET_ACCESS_KEY] => 
    [AWS_DEFAULT_REGION] => us-east-1
    [AWS_BUCKET] => 
    [AWS_USE_PATH_STYLE_ENDPOINT] => false
    [PUSHER_APP_ID] => 
    [PUSHER_APP_KEY] => 
    [PUSHER_APP_SECRET] => 
    [PUSHER_APP_CLUSTER] => mt1
    [MIX_PUSHER_APP_KEY] => 
    [MIX_PUSHER_APP_CLUSTER] => mt1
)
